39
StreamXv9
LarryO
GameProv3
PhilippY
ConnectLitev9
SundarA
DaydreamLitev7
BakhodirW
WebserverProv6
PhilippP
CastOSProv6
BakhodirD
SlidesNextv2
JenZ PhilippH
ShoppingProv8
FionaN PhilippI
SitesSv1
SergeyU ClementL
FeedBurnerMaxv3
TatiyanaC LarryO
MarsLitev5
BakhodirD TatiyanaC
ClassroomMaxv2
TatiyanaC SusanQ
ReleaseUltrav1
FionaJ BakhodirD
FuchsiaXv6
SergeyV SundarA
ChromeNextv7
SergeyV BakhodirD PhilippY
StreetViewXv1
TatiyanaC JenK FionaF
ShortsNextv7
FionaF PhilippY HiroshiF
DocsNextv2
SundarP JenK ClementL
SmartLitev9
JenZ ThomasK PhilippP
ChromeOSLitev3
PhilippP HiroshiW PhilippY
MapsProv8
HiroshiW SergeyT BakhodirD
DuoZv2
PhilippY SundarP FionaF
AndroidTVMaxv5
HiroshiF SundarP PhilippK
GameProv6
LarryO SusanQ StefanQ
MarsXv1
HiroshiF FionaJ MichalB MatasH
CollectionsNextv1
TatiyanaC SergeyN MatasW MatasH
GameLitev8
PhilippP PhilippK MatasW SergeyN
WearOSLitev5
NellyY BakhodirD TatiyanaC JenK PhilippI
AndroidAutoZv2
PhilippH JenK PhilippI LarryX SergeyU
ResearchXv8
SundarP ClementM BakhodirW JenK ClementE
BuildMaxv1
MichalB RuthX NellyY BakhodirG SergeyV
StreamXv6
BakhodirW JenK MatasH ClementM FionaJ
SmartSv2
FionaF BakhodirW PhilippK BenjaminT FionaN
GlassOSLitev9
FionaJ BakhodirG SundarA PhilippK HiroshiF PhilippH
ExploreUltrav8
BakhodirD ClementM SergeyV HiroshiF FionaJ SusanQ ClementE
DuoZv4
ThomasK SundarP LarryX FionaJ PhilippK RuthX ThomasM
StreetViewProv9
SundarA MatasC ClementE MatasW HiroshiB PhilippK NellyY LarryO
MarsUltrav8
PhilippI SergeyU SusanQ PhilippP StefanQ BenjaminT RuthX BakhodirG MatasW
MapsSv7
SundarA PhilippK FionaF LarryO ClementM ThomasK MatasW LarryX ClementE BakhodirD
