42
CalendarProv8
c382 c956 c1205 c144 c737 c899 c949 c527 c533 c1383 c1324 c1237 c1081 c76 c1198 c512 c343 c1321 c641 c799 c834
TravelProv9
c1349 c1324 c26 c1446 c135 c799 c641 c1308 c708 c999 c1194 c204 c107 c461 c1262 c1285 c1198 c1094 c512 c44
GroupsUltrav2
c1232 c1446 c26 c1198 c1183 c530 c1079 c670 c874 c1237 c563 c1205 c169 c845 c799 c1321 c1170 c491 c461 c1251
PhotoNextv6
c1285 c738 c144 c963 c1183 c212 c76 c26 c641 c653 c454 c834 c1295 c675 c107 c1205 c1251 c1324 c1079 c1198 c1456
LoggingUltrav9
c1281 c313 c169 c26 c135 c668 c847 c1049 c454 c960 c425 c1105 c1308 c1446 c1042 c1094 c615 c828 c271 c1398
PhotoProv2
c169 c608 c641 c1042 c1081 c1244 c526 c999 c642 c144 c874 c1169 c212 c63 c1205 c1198 c670 c111 c527 c512 c679 c986 c44 c1257 c1383 c1194 c425 c530 c668
DreamUltrav9
c55 c856 c425 c899 c962 c83 c1183 c1398 c1244 c331 c874 c4 c337 c760 c1205 c1262 c63 c530 c955 c1198
CurrentsLitev2
c852 c1042 c1079 c1169 c1295 c642 c1446 c701 c736 c1194 c1130 c530 c641 c1308 c1183 c907 c1456 c1198 c1321 c963 c1124 c454 c121 c1170 c956 c675 c55 c920 c1285 c271 c531 c664 c179 c663 c615 c76
CastOSSv8
c63 c135 c425 c856 c1232 c4 c121 c963 c55 c382 c527 c491 c1194 c169 c1198 c587 c904 c1094 c847 c219
SecureProv9
c135 c107 c1042 c1321 c1399 c0 c26 c4 c12 c137 c1049 c313 c184 c899 c491 c1281 c169 c1130 c368 c121 c1170
AlertsZv3
c1383 c963 c425 c1194 c76 c1130 c1285 c386 c960 c1193 c1321 c1484 c531 c675 c1456 c1198 c4 c375 c1295 c1232 c55 c121
KeepLitev6
c642 c621 c960 c473 c212 c383 c1456 c461 c799 c760 c1183 c587 c63 c1138 c1193 c956 c491 c1081 c1324 c499 c331 c1295 c1042 c845 c517 c1383 c986 c1198 c1124 c1321 c664 c1446 c653 c1170
VideoProv1
c1446 c83 c642 c63 c215 c1169 c664 c1094 c920 c461 c1138 c955 c1205 c1183 c1324 c219 c1163 c587 c670 c271 c425 c212 c963 c1198 c107 c26 c828 c55 c899 c760
FinanceProv4
c874 c313 c587 c185 c76 c834 c845 c425 c215 c107 c44 c1124 c847 c1183 c904 c454 c899 c642 c271 c551 c663 c856
WearOSProv5
c663 c1285 c215 c668 c1124 c26 c1183 c517 c1244 c664 c1094 c1205 c956 c608 c461 c1193 c760 c337 c708 c212 c1324 c4 c679
StreamNextv8
c235 c313 c962 c1257 c529 c1281 c766 c483 c1271 c1383 c1128 c1048 c668 c531 c1398 c1231 c920 c708 c144 c185 c204 c187 c899 c1446 c76 c44 c653 c1042 c193 c121 c660 c1193 c1111 c1198 c657 c570 c530 c341 c26 c852 c271 c1456 c111 c955 c561 c1124
PhoneProv5
c368 c1105 c461 c1193 c907 c663 c529 c512 c491 c185 c1399 c1446 c587 c95 c1456 c955 c561 c963 c1125 c1183 c160 c668 c383 c856 c1163 c737 c960 c1237 c1324 c169 c621 c962 c760 c161 c1295 c44 c657 c874 c483 c666 c850 c135 c642 c1285 c736 c235 c933 c55 c615 c570 c499
AndroidTVSv9
c512 c563 c1124 c587 c987 c1205 c1183 c738 c856 c531 c331 c852 c955 c874 c675 c44 c215 c375 c850 c708 c483 c144 c388
CastOSXv2
c736 c962 c376 c608 c1205 c641 c551 c612 c1308 c44 c135 c386 c537 c107 c653 c1292 c4 c1257 c368 c882 c538 c531
YouTubeMaxv8
c1231 c268 c963 c570 c904 c675 c621 c1321 c1446 c491 c1398 c737 c1314 c1257 c1081 c653 c1484 c527 c1399 c563 c1324 c483 c63 c1281 c668 c551 c375 c76 c708 c677 c1295 c670 c184 c955 c920 c1105 c526 c515 c107
FuchsiaSv8
c1291 c874 c391 c185 c1308 c76 c1079 c382 c862 c537 c987 c1229 c160 c1384 c27 c420 c1152 c1142 c660 c1479 c847 c1353 c538
DatasetSearchUltrav4
c1163 c12 c1314 c963 c899 c920 c517 c679 c1456 c529 c736 c1384 c1169 c1383 c185 c738 c76 c657 c1308 c313 c383 c212 c1281 c1049 c1345 c1065 c642 c1484 c1198 c641 c588 c1321 c1079 c530 c999 c766 c537 c608 c1446
SkyUltrav1
c531 c892 c766 c801 c612 c491 c657 c738 c960 c955 c529 c212 c4 c387 c935 c1042 c95 c527 c63 c1194 c268 c168 c313 c135 c1142 c668
ConnectUltrav5
c1198 c160 c27 c1205 c1446 c192 c1308 c754 c1232 c578 c1079 c1474 c955 c1194 c824 c561 c862 c882 c4 c157 c1480 c551 c168 c1193 c563 c899 c641 c1456 c169 c670
GlassOSZv2
c1384 c135 c1163 c533 c1183 c1262 c1237 c1193 c1295 c341 c657 c641 c1079 c551 c1308 c212 c1321 c1205 c185 c1105 c563 c95 c1231 c1170
ArtsSv6
c790 c1086 c563 c1424 c1242 c603 c905 c208 c1111 c1353 c204 c391 c477 c776 c1446 c1308 c341 c808 c657 c920 c145 c419 c1442 c1499 c387 c1444 c592 c693 c531 c1319 c935 c8 c383 c668 c333 c44
SmartLitev2
c808 c372 c737 c587 c657 c850 c570 c592 c1074 c142 c462 c874 c1205 c1444 c608 c1319 c145 c935 c383 c107 c1499 c268 c344 c693 c563 c677
CastOSUltrav6
c588 c76 c862 c920 c185 c526 c430 c337 c1193 c111 c387 c27 c1194 c212 c1459 c787 c47 c558 c850 c736 c1128 c192 c1223 c1479 c767 c448 c642 c808 c421 c160 c1464 c1349 c1183 c852
LearnNextv3
c874 c1058 c1105 c668 c193 c1145 c935 c268 c1183 c1480 c851 c95 c657 c963 c326 c1111 c612 c1193 c1484 c382 c515 c157 c1124 c1292 c316 c368 c391 c461 c512 c1476 c882 c955 c907 c1470
TranslateXv6
c1358 c387 c44 c461 c1345 c675 c526 c313 c987 c107 c1183 c738 c660 c1295 c708 c854 c169 c142 c1456 c1193
GameMaxv5
c531 c383 c1474 c1349 c561 c235 c1170 c1246 c185 c529 c551 c1322 c827 c702 c1198 c962 c1138 c1281 c608 c677 c1223 c935 c512 c1398 c1345 c44 c1382 c76 c666 c187 c204 c179 c1434 c145 c192 c1193
DataMaxv3
c1324 c343 c1424 c1308 c4 c853 c382 c1242 c531 c1193 c187 c1358 c1345 c473 c1129 c1055 c537 c1442 c1319 c1198 c331 c326 c847 c375 c675 c185 c169
ScholarMaxv3
c461 c4 c641 c856 c288 c462 c192 c1128 c531 c382 c670 c657 c555 c386 c107 c1074 c754 c905 c1193 c960 c882 c1308 c1111 c1314 c1048 c1169 c668 c212 c1170 c219 c1281 c27 c368 c874 c1398 c425 c1183 c558 c1083 c372 c204 c83 c1229 c544 c708 c1480 c1321 c491 c970 c675 c169
MarsNextv7
c45 c491 c1398 c608 c344 c570 c1058 c399 c1124 c668 c642 c391 c558 c1079 c268 c375 c657 c1484 c874 c1125 c538 c1100 c316 c288 c708 c1459 c44
SearchUltrav1
c578 c641 c144 c462 c185 c425 c515 c529 c710 c963 c790 c271 c962 c193 c1321 c135 c12 c551 c776 c702 c212 c951 c399
CodeNextv2
c853 c76 c372 c708 c157 c135 c331 c383 c642 c1451 c963 c61 c987 c1242 c111 c1484 c4 c563 c477 c856 c1444 c955 c1198 c1232
KeepNextv5
c313 c710 c185 c1345 c358 c638 c962 c531 c4 c670 c664 c382 c343 c592 c1292 c1187 c933 c1459 c1065 c461 c1439 c383 c1049 c121 c1142 c1125 c642 c376 c1322 c1237 c668 c874 c526
VoiceLitev9
c420 c341 c1383 c570 c512 c95 c212 c899 c1110 c1295 c4 c376 c850 c111 c1446 c1187 c1321 c1439 c664 c754 c629 c250 c461 c142 c421 c854 c1464 c268 c787 c555
WebserverZv3
c933 c397 c1480 c668 c44 c999 c892 c212 c710 c383 c268 c1058 c629 c1308 c588 c387 c1314 c850 c963 c951 c1237 c144 c676 c1349 c1424 c657 c61 c313 c477 c677 c461 c1232 c185 c55 c1479 c531 c551 c1253 c95 c587 c368 c142 c808 c708 c529
ClassroomProv8
c313 c1382 c316 c653 c660 c1499 c144 c1384 c1232 c61 c1145 c179 c185 c1444 c676 c529 c1042 c1083 c1125 c854 c1237 c358
AndroidUltrav5
c1324 c558 c1434 c44 c629 c1194 c1198 c383 c555 c970 c1058 c657 c212 c529 c1170 c219 c527 c1322 c76 c933 c515 c1321 c1183 c551 c1231 c1456 c185 c904 c1244 c512
DuoProv6
c421 c1345 c862 c1152 c55 c790 c657 c638 c1398 c121 c1048 c987 c44 c1237 c1128 c787 c515 c399 c524 c710 c737 c668
