56
ClassroomSv2
RuthX
MoonUltrav4
LarryN
DaydreamMaxv4
ThomasQ
SantaTrackerProv9
PrzemekV
KeepNextv4
PrabhakarN
CurrentsXv1
BakhodirF
SkyZv5
SundarM
KeepXv1
PrabhakarA
ConnectXv3
StefanG
CurrentsProv2
StepanJ
TravelProv6
PhilippJ
PixelProv1
MatasF
AssistantMaxv9
ThomasQ
LearnProv8
JenI
BuildProv1
TatiyanaT
CurrentsProv7
SusanT
NewsMaxv1
TatiyanaT
FinanceXv5
ClementV
StreetViewMaxv8
PetarA
BloggerProv9
ThomasE
CollectionsUltrav9
StefanK SundarA
TravelUltrav3
PetarR JenE
SkyProv4
MichalZ ThomasQ
CodeZv4
SusanR BenjaminR
NewsXv5
SundarV PrzemekH
MapsNextv5
PrzemekR FionaZ
SheetsZv4
RuthF SergeyR
ClassroomXv9
LarryG StepanK
AndroidAutoZv1
PetarV HiroshiL
VoiceZv6
HiroshiQ HiroshiL
MoonXv3
SergeyY PetarM
FuchsiaProv7
BenjaminJ ClementI BakhodirQ
ChromeLitev4
LarryU MichalY PrabhakarA
CastOSSv6
SusanH HiroshiI HiroshiT
StreetViewXv2
StepanJ PrzemekF PetarM
SearchUltrav8
SergeyG PhilippI HiroshiL
LoggingXv4
SergeyJ BakhodirF MaxK
CollectionsProv5
HiroshiT SundarD MaxE
FeedBurnerLitev8
SundarX BenjaminL PrabhakarE
ReleaseLitev7
RuthT SergeyW FionaV MaxO
CalendarLitev5
ThomasN TatiyanaO PrabhakarB BakhodirA
ScholarZv1
SusanR MichalQ PrzemekP LarryU
ChartsMaxv5
HiroshiR StefanY MichalY SusanK FionaT
FinanceMaxv7
LarryN StepanU HiroshiL ThomasT SusanT
GroupsZv8
BakhodirL PetarI TatiyanaC MichalV ThomasE
StreetViewXv9
ThomasN StefanX MaxH ThomasU NellyI
FormsUltrav3
ThomasL MatasF HiroshiI NellyU StepanG PetarN TatiyanaA StepanO
DocsUltrav2
BakhodirB NellyM ClementA NellyW PrzemekM PrabhakarM FionaA JenL
AndroidTVLitev7
StepanJ LarryO JenE TatiyanaZ MatasH NellyM BakhodirM PrzemekM StefanA
DatasetSearchLitev6
PrzemekP MaxA BenjaminJ ClementJ TatiyanaC SundarI PhilippK PetarN HiroshiM
PatentsMaxv2
PhilippO NellyU MatasR MatasP TatiyanaO RuthJ MichalV BakhodirG ThomasE LarryC
DataSv9
FionaK RuthF TatiyanaX MaxA PrabhakarA SundarX BenjaminN TatiyanaG BakhodirD PhilippJ
ScholarXv6
SundarD StefanK PrabhakarC LarryJ RuthB SundarA RuthF JenL MatasK BakhodirG JenR TatiyanaP
ChatLitev6
NellyV MaxM NellyD ClementI ThomasO StefanH ThomasE PrabhakarB PetarJ SusanY StepanK LarryC
AssistantNextv5
PrabhakarE MatasO PrzemekC MaxB PetarN LarryJ FionaA MichalQ StepanW MaxW PetarA BakhodirT HiroshiB FionaT FionaK BakhodirL SundarM BenjaminY SergeyH
DataNextv9
ClementO SergeyR HiroshiI JenE PrzemekM FionaZ JenF StepanK PrzemekH BenjaminR LarryZ TatiyanaI NellyU SergeyA PrzemekW HiroshiD PetarV BenjaminY SergeyQ SergeyK LarryD TatiyanaX BakhodirT JenS ThomasI
