48
p9020
c266 c47 c485 c430 c119
p2023
c765
p2329
c2 c298 c621 c91 c667
p9298
c219 c175 c402 c642 c741
p8958
c15 c7 c88 c49 c102 c377 c698
p8989
c535 c768
p4549
c183 c292
p4891
c296 c787 c734
p1339
c703
p1856
c762 c283
p3550
c588
p4959
c436 c677 c676 c305 c178
p5344
c534 c367 c368 c208 c755 c353 c186 c203 c312 c147
p3210
c797 c5 c604 c678 c396 c337 c130 c526
p8645
c715 c350 c326 c712 c745
p9772
c567 c76 c193 c294 c99 c323 c694
p5133
c673
p752
c721 c655 c561 c766 c195 c321 c630 c278
p9207
c26 c103 c497
p6350
c769 c595 c105 c212 c233
p8265
c301
p1614
c700 c159 c258
p7078
c42 c508 c639 c720
p4838
c327 c110 c729 c342 c184 c781
p3857
c537 c213 c188
p9080
c470
p5361
c684 c551 c142
p322
c788 c358 c662
p8643
c647 c274
p2452
c62 c101 c264
p4076
c176
p7769
c303 c556
p7335
c707
p7651
c249
p9807
c514 c277 c719 c570 c782
p225
c498
p828
c779 c302 c280 c252 c748
p1167
c341 c640
p5092
c165
p678
c234 c30 c59
p3405
c505
p8577
c285
p2103
c575 c200
p9069
c95 c475
p3017
c160
p8981
c307
p5450
c419 c107
p8920
c207
